<?xml version="1.0" encoding="UTF-8"?>
<!-- Generated by org.testng.reporters.JUnitXMLReporter -->
<testsuite ignored="0" hostname="QZ-LT-210" failures="0" tests="4" name="Default test" time="62.348" errors="0" timestamp="2024-12-20T14:03:26 IST">
  <testcase classname="com.qualizeal.testngframework.RegistrationForm" name="testData" time="0.007"/>
  <testcase classname="com.qualizeal.testngframework.RegistrationForm" name="testData" time="0.001"/>
  <testcase classname="com.qualizeal.testngframework.RegistrationForm" name="testData" time="0.001"/>
  <testcase classname="com.qualizeal.testngframework.RegistrationForm" name="testData" time="0.001"/>
</testsuite> <!-- Default test -->
