<?xml version="1.0" encoding="UTF-8"?>
<testng-results ignored="0" total="20" passed="20" failed="0" skipped="0">
  <reporter-output>
  </reporter-output>
  <suite started-at="2025-01-02T13:57:20 IST" name="Default suite" finished-at="2025-01-02T14:02:45 IST" duration-ms="325472">
    <groups>
    </groups>
    <test started-at="2025-01-02T13:57:20 IST" name="Default test" finished-at="2025-01-02T14:02:45 IST" duration-ms="325472">
      <class name="com.qualizeal.maintest.MainClass">
        <test-method is-config="true" signature="gotoDirectory()[pri:0, instance:com.qualizeal.maintest.MainClass@8f4ea7c]" started-at="2025-01-02T13:57:20 IST" name="gotoDirectory" finished-at="2025-01-02T13:57:20 IST" duration-ms="7" status="PASS">
          <reporter-output>
          </reporter-output>
        </test-method> <!-- gotoDirectory -->
        <test-method is-config="true" signature="openApplication()[pri:0, instance:com.qualizeal.maintest.MainClass@8f4ea7c]" started-at="2025-01-02T13:57:21 IST" name="openApplication" finished-at="2025-01-02T13:57:26 IST" duration-ms="5636" status="PASS">
          <reporter-output>
          </reporter-output>
        </test-method> <!-- openApplication -->
        <test-method signature="fillForm(java.lang.String,java.lang.String,java.lang.String,java.lang.String,java.lang.String,java.lang.String,java.lang.String,java.lang.String,java.lang.String,java.lang.String,java.lang.String,java.lang.String)[pri:0, instance:com.qualizeal.maintest.MainClass@8f4ea7c]" started-at="2025-01-02T13:57:26 IST" name="fillForm" data-provider="studentData" finished-at="2025-01-02T13:57:39 IST" duration-ms="12179" status="PASS">
          <params>
            <param index="0">
              <value>
                <![CDATA[Snehalatha]]>
              </value>
            </param>
            <param index="1">
              <value>
                <![CDATA[Pasham]]>
              </value>
            </param>
            <param index="2">
              <value>
                <![CDATA[sneha12345@gmail.com]]>
              </value>
            </param>
            <param index="3">
              <value>
                <![CDATA[Female]]>
              </value>
            </param>
            <param index="4">
              <value>
                <![CDATA[1234567809]]>
              </value>
            </param>
            <param index="5">
              <value>
                <![CDATA[26-Dec-2003]]>
              </value>
            </param>
            <param index="6">
              <value>
                <![CDATA[Maths,hindi]]>
              </value>
            </param>
            <param index="7">
              <value>
                <![CDATA[Reading,Music,Sports]]>
              </value>
            </param>
            <param index="8">
              <value>
                <![CDATA[\src\test\resources\TestDocuments\Screenshot 2024-04-03 225101.png]]>
              </value>
            </param>
            <param index="9">
              <value>
                <![CDATA[Hyderabad]]>
              </value>
            </param>
            <param index="10">
              <value>
                <![CDATA[NCR]]>
              </value>
            </param>
            <param index="11">
              <value>
                <![CDATA[Gurgaon]]>
              </value>
            </param>
          </params>
          <reporter-output>
          </reporter-output>
        </test-method> <!-- fillForm -->
        <test-method is-config="true" signature="closeDriver()[pri:0, instance:com.qualizeal.maintest.MainClass@8f4ea7c]" started-at="2025-01-02T13:57:39 IST" name="closeDriver" finished-at="2025-01-02T13:57:39 IST" duration-ms="201" status="PASS">
          <reporter-output>
          </reporter-output>
        </test-method> <!-- closeDriver -->
        <test-method is-config="true" signature="openApplication()[pri:0, instance:com.qualizeal.maintest.MainClass@8f4ea7c]" started-at="2025-01-02T13:57:39 IST" name="openApplication" finished-at="2025-01-02T13:57:43 IST" duration-ms="4375" status="PASS">
          <reporter-output>
          </reporter-output>
        </test-method> <!-- openApplication -->
        <test-method signature="fillForm(java.lang.String,java.lang.String,java.lang.String,java.lang.String,java.lang.String,java.lang.String,java.lang.String,java.lang.String,java.lang.String,java.lang.String,java.lang.String,java.lang.String)[pri:0, instance:com.qualizeal.maintest.MainClass@8f4ea7c]" started-at="2025-01-02T13:57:43 IST" name="fillForm" data-provider="studentData" finished-at="2025-01-02T13:57:55 IST" duration-ms="11488" status="PASS">
          <params>
            <param index="0">
              <value>
                <![CDATA[]]>
              </value>
            </param>
            <param index="1">
              <value>
                <![CDATA[Pasham]]>
              </value>
            </param>
            <param index="2">
              <value>
                <![CDATA[sneha12345@gmail.com]]>
              </value>
            </param>
            <param index="3">
              <value>
                <![CDATA[Female]]>
              </value>
            </param>
            <param index="4">
              <value>
                <![CDATA[9187654325]]>
              </value>
            </param>
            <param index="5">
              <value>
                <![CDATA[27-Dec-2005]]>
              </value>
            </param>
            <param index="6">
              <value>
                <![CDATA[Maths,hindi]]>
              </value>
            </param>
            <param index="7">
              <value>
                <![CDATA[Reading,Music,Sports]]>
              </value>
            </param>
            <param index="8">
              <value>
                <![CDATA[\src\test\resources\TestDocuments\Screenshot 2024-04-03 225101.png]]>
              </value>
            </param>
            <param index="9">
              <value>
                <![CDATA[Medak]]>
              </value>
            </param>
            <param index="10">
              <value>
                <![CDATA[NCR ]]>
              </value>
            </param>
            <param index="11">
              <value>
                <![CDATA[Gurgaon]]>
              </value>
            </param>
          </params>
          <reporter-output>
          </reporter-output>
        </test-method> <!-- fillForm -->
        <test-method is-config="true" signature="closeDriver()[pri:0, instance:com.qualizeal.maintest.MainClass@8f4ea7c]" started-at="2025-01-02T13:57:55 IST" name="closeDriver" finished-at="2025-01-02T13:57:55 IST" duration-ms="174" status="PASS">
          <reporter-output>
          </reporter-output>
        </test-method> <!-- closeDriver -->
        <test-method is-config="true" signature="openApplication()[pri:0, instance:com.qualizeal.maintest.MainClass@8f4ea7c]" started-at="2025-01-02T13:57:55 IST" name="openApplication" finished-at="2025-01-02T13:58:00 IST" duration-ms="5065" status="PASS">
          <reporter-output>
          </reporter-output>
        </test-method> <!-- openApplication -->
        <test-method signature="fillForm(java.lang.String,java.lang.String,java.lang.String,java.lang.String,java.lang.String,java.lang.String,java.lang.String,java.lang.String,java.lang.String,java.lang.String,java.lang.String,java.lang.String)[pri:0, instance:com.qualizeal.maintest.MainClass@8f4ea7c]" started-at="2025-01-02T13:58:00 IST" name="fillForm" data-provider="studentData" finished-at="2025-01-02T13:58:12 IST" duration-ms="11670" status="PASS">
          <params>
            <param index="0">
              <value>
                <![CDATA[Snehlatha]]>
              </value>
            </param>
            <param index="1">
              <value>
                <![CDATA[]]>
              </value>
            </param>
            <param index="2">
              <value>
                <![CDATA[sneha12345@gmail.com]]>
              </value>
            </param>
            <param index="3">
              <value>
                <![CDATA[Female]]>
              </value>
            </param>
            <param index="4">
              <value>
                <![CDATA[9187654325]]>
              </value>
            </param>
            <param index="5">
              <value>
                <![CDATA[13-Jun-2002]]>
              </value>
            </param>
            <param index="6">
              <value>
                <![CDATA[Maths,hindi]]>
              </value>
            </param>
            <param index="7">
              <value>
                <![CDATA[Reading,Music,Sports]]>
              </value>
            </param>
            <param index="8">
              <value>
                <![CDATA[\src\test\resources\TestDocuments\Screenshot 2024-04-03 225101.png]]>
              </value>
            </param>
            <param index="9">
              <value>
                <![CDATA[Hyderabad]]>
              </value>
            </param>
            <param index="10">
              <value>
                <![CDATA[NCR]]>
              </value>
            </param>
            <param index="11">
              <value>
                <![CDATA[Gurgaon]]>
              </value>
            </param>
          </params>
          <reporter-output>
          </reporter-output>
        </test-method> <!-- fillForm -->
        <test-method is-config="true" signature="closeDriver()[pri:0, instance:com.qualizeal.maintest.MainClass@8f4ea7c]" started-at="2025-01-02T13:58:12 IST" name="closeDriver" finished-at="2025-01-02T13:58:12 IST" duration-ms="158" status="PASS">
          <reporter-output>
          </reporter-output>
        </test-method> <!-- closeDriver -->
        <test-method is-config="true" signature="openApplication()[pri:0, instance:com.qualizeal.maintest.MainClass@8f4ea7c]" started-at="2025-01-02T13:58:12 IST" name="openApplication" finished-at="2025-01-02T13:58:17 IST" duration-ms="4877" status="PASS">
          <reporter-output>
          </reporter-output>
        </test-method> <!-- openApplication -->
        <test-method signature="fillForm(java.lang.String,java.lang.String,java.lang.String,java.lang.String,java.lang.String,java.lang.String,java.lang.String,java.lang.String,java.lang.String,java.lang.String,java.lang.String,java.lang.String)[pri:0, instance:com.qualizeal.maintest.MainClass@8f4ea7c]" started-at="2025-01-02T13:58:17 IST" name="fillForm" data-provider="studentData" finished-at="2025-01-02T13:58:28 IST" duration-ms="11343" status="PASS">
          <params>
            <param index="0">
              <value>
                <![CDATA[]]>
              </value>
            </param>
            <param index="1">
              <value>
                <![CDATA[]]>
              </value>
            </param>
            <param index="2">
              <value>
                <![CDATA[sneha12345@gmail.com]]>
              </value>
            </param>
            <param index="3">
              <value>
                <![CDATA[Female]]>
              </value>
            </param>
            <param index="4">
              <value>
                <![CDATA[1235672347]]>
              </value>
            </param>
            <param index="5">
              <value>
                <![CDATA[26-Dec-2003]]>
              </value>
            </param>
            <param index="6">
              <value>
                <![CDATA[hindi]]>
              </value>
            </param>
            <param index="7">
              <value>
                <![CDATA[Reading,Music,Sports]]>
              </value>
            </param>
            <param index="8">
              <value>
                <![CDATA[\src\test\resources\TestDocuments\Screenshot 2024-04-03 225101.png]]>
              </value>
            </param>
            <param index="9">
              <value>
                <![CDATA[Hyderabad]]>
              </value>
            </param>
            <param index="10">
              <value>
                <![CDATA[NCR]]>
              </value>
            </param>
            <param index="11">
              <value>
                <![CDATA[Gurgaon]]>
              </value>
            </param>
          </params>
          <reporter-output>
          </reporter-output>
        </test-method> <!-- fillForm -->
        <test-method is-config="true" signature="closeDriver()[pri:0, instance:com.qualizeal.maintest.MainClass@8f4ea7c]" started-at="2025-01-02T13:58:28 IST" name="closeDriver" finished-at="2025-01-02T13:58:28 IST" duration-ms="166" status="PASS">
          <reporter-output>
          </reporter-output>
        </test-method> <!-- closeDriver -->
        <test-method is-config="true" signature="openApplication()[pri:0, instance:com.qualizeal.maintest.MainClass@8f4ea7c]" started-at="2025-01-02T13:58:28 IST" name="openApplication" finished-at="2025-01-02T13:58:32 IST" duration-ms="4182" status="PASS">
          <reporter-output>
          </reporter-output>
        </test-method> <!-- openApplication -->
        <test-method signature="fillForm(java.lang.String,java.lang.String,java.lang.String,java.lang.String,java.lang.String,java.lang.String,java.lang.String,java.lang.String,java.lang.String,java.lang.String,java.lang.String,java.lang.String)[pri:0, instance:com.qualizeal.maintest.MainClass@8f4ea7c]" started-at="2025-01-02T13:58:32 IST" name="fillForm" data-provider="studentData" finished-at="2025-01-02T13:58:44 IST" duration-ms="11574" status="PASS">
          <params>
            <param index="0">
              <value>
                <![CDATA[Harika]]>
              </value>
            </param>
            <param index="1">
              <value>
                <![CDATA[Jakka]]>
              </value>
            </param>
            <param index="2">
              <value>
                <![CDATA[snehareddy.com]]>
              </value>
            </param>
            <param index="3">
              <value>
                <![CDATA[Female]]>
              </value>
            </param>
            <param index="4">
              <value>
                <![CDATA[1235672347]]>
              </value>
            </param>
            <param index="5">
              <value>
                <![CDATA[26-Dec-2003]]>
              </value>
            </param>
            <param index="6">
              <value>
                <![CDATA[hindi]]>
              </value>
            </param>
            <param index="7">
              <value>
                <![CDATA[Reading,Music,Sports]]>
              </value>
            </param>
            <param index="8">
              <value>
                <![CDATA[\src\test\resources\TestDocuments\Screenshot 2024-04-03 225101.png]]>
              </value>
            </param>
            <param index="9">
              <value>
                <![CDATA[Hyderabad]]>
              </value>
            </param>
            <param index="10">
              <value>
                <![CDATA[NCR]]>
              </value>
            </param>
            <param index="11">
              <value>
                <![CDATA[Gurgaon]]>
              </value>
            </param>
          </params>
          <reporter-output>
          </reporter-output>
        </test-method> <!-- fillForm -->
        <test-method is-config="true" signature="closeDriver()[pri:0, instance:com.qualizeal.maintest.MainClass@8f4ea7c]" started-at="2025-01-02T13:58:44 IST" name="closeDriver" finished-at="2025-01-02T13:58:44 IST" duration-ms="174" status="PASS">
          <reporter-output>
          </reporter-output>
        </test-method> <!-- closeDriver -->
        <test-method is-config="true" signature="openApplication()[pri:0, instance:com.qualizeal.maintest.MainClass@8f4ea7c]" started-at="2025-01-02T13:58:44 IST" name="openApplication" finished-at="2025-01-02T13:58:49 IST" duration-ms="4996" status="PASS">
          <reporter-output>
          </reporter-output>
        </test-method> <!-- openApplication -->
        <test-method signature="fillForm(java.lang.String,java.lang.String,java.lang.String,java.lang.String,java.lang.String,java.lang.String,java.lang.String,java.lang.String,java.lang.String,java.lang.String,java.lang.String,java.lang.String)[pri:0, instance:com.qualizeal.maintest.MainClass@8f4ea7c]" started-at="2025-01-02T13:58:49 IST" name="fillForm" data-provider="studentData" finished-at="2025-01-02T13:59:00 IST" duration-ms="11022" status="PASS">
          <params>
            <param index="0">
              <value>
                <![CDATA[]]>
              </value>
            </param>
            <param index="1">
              <value>
                <![CDATA[]]>
              </value>
            </param>
            <param index="2">
              <value>
                <![CDATA[sneha12345@gmail.com]]>
              </value>
            </param>
            <param index="3">
              <value>
                <![CDATA[]]>
              </value>
            </param>
            <param index="4">
              <value>
                <![CDATA[1235672347]]>
              </value>
            </param>
            <param index="5">
              <value>
                <![CDATA[26-Dec-2003]]>
              </value>
            </param>
            <param index="6">
              <value>
                <![CDATA[hindi]]>
              </value>
            </param>
            <param index="7">
              <value>
                <![CDATA[Reading,Music,Sports]]>
              </value>
            </param>
            <param index="8">
              <value>
                <![CDATA[\src\test\resources\TestDocuments\Screenshot 2024-04-03 225101.png]]>
              </value>
            </param>
            <param index="9">
              <value>
                <![CDATA[Hyderabad]]>
              </value>
            </param>
            <param index="10">
              <value>
                <![CDATA[NCR]]>
              </value>
            </param>
            <param index="11">
              <value>
                <![CDATA[Gurgaon]]>
              </value>
            </param>
          </params>
          <reporter-output>
          </reporter-output>
        </test-method> <!-- fillForm -->
        <test-method is-config="true" signature="closeDriver()[pri:0, instance:com.qualizeal.maintest.MainClass@8f4ea7c]" started-at="2025-01-02T13:59:00 IST" name="closeDriver" finished-at="2025-01-02T13:59:00 IST" duration-ms="196" status="PASS">
          <reporter-output>
          </reporter-output>
        </test-method> <!-- closeDriver -->
        <test-method is-config="true" signature="openApplication()[pri:0, instance:com.qualizeal.maintest.MainClass@8f4ea7c]" started-at="2025-01-02T13:59:00 IST" name="openApplication" finished-at="2025-01-02T13:59:05 IST" duration-ms="4426" status="PASS">
          <reporter-output>
          </reporter-output>
        </test-method> <!-- openApplication -->
        <test-method signature="fillForm(java.lang.String,java.lang.String,java.lang.String,java.lang.String,java.lang.String,java.lang.String,java.lang.String,java.lang.String,java.lang.String,java.lang.String,java.lang.String,java.lang.String)[pri:0, instance:com.qualizeal.maintest.MainClass@8f4ea7c]" started-at="2025-01-02T13:59:05 IST" name="fillForm" data-provider="studentData" finished-at="2025-01-02T13:59:16 IST" duration-ms="10806" status="PASS">
          <params>
            <param index="0">
              <value>
                <![CDATA[]]>
              </value>
            </param>
            <param index="1">
              <value>
                <![CDATA[]]>
              </value>
            </param>
            <param index="2">
              <value>
                <![CDATA[sneha12345@gmail.com]]>
              </value>
            </param>
            <param index="3">
              <value>
                <![CDATA[]]>
              </value>
            </param>
            <param index="4">
              <value>
                <![CDATA[9187654325]]>
              </value>
            </param>
            <param index="5">
              <value>
                <![CDATA[26-Dec-2007]]>
              </value>
            </param>
            <param index="6">
              <value>
                <![CDATA[hindi]]>
              </value>
            </param>
            <param index="7">
              <value>
                <![CDATA[Reading]]>
              </value>
            </param>
            <param index="8">
              <value>
                <![CDATA[\src\test\resources\TestDocuments\Screenshot 2024-04-03 225101.png]]>
              </value>
            </param>
            <param index="9">
              <value>
                <![CDATA[Hyderabad]]>
              </value>
            </param>
            <param index="10">
              <value>
                <![CDATA[NCR]]>
              </value>
            </param>
            <param index="11">
              <value>
                <![CDATA[Gurgaon]]>
              </value>
            </param>
          </params>
          <reporter-output>
          </reporter-output>
        </test-method> <!-- fillForm -->
        <test-method is-config="true" signature="closeDriver()[pri:0, instance:com.qualizeal.maintest.MainClass@8f4ea7c]" started-at="2025-01-02T13:59:16 IST" name="closeDriver" finished-at="2025-01-02T13:59:16 IST" duration-ms="153" status="PASS">
          <reporter-output>
          </reporter-output>
        </test-method> <!-- closeDriver -->
        <test-method is-config="true" signature="openApplication()[pri:0, instance:com.qualizeal.maintest.MainClass@8f4ea7c]" started-at="2025-01-02T13:59:16 IST" name="openApplication" finished-at="2025-01-02T13:59:21 IST" duration-ms="5248" status="PASS">
          <reporter-output>
          </reporter-output>
        </test-method> <!-- openApplication -->
        <test-method signature="fillForm(java.lang.String,java.lang.String,java.lang.String,java.lang.String,java.lang.String,java.lang.String,java.lang.String,java.lang.String,java.lang.String,java.lang.String,java.lang.String,java.lang.String)[pri:0, instance:com.qualizeal.maintest.MainClass@8f4ea7c]" started-at="2025-01-02T13:59:21 IST" name="fillForm" data-provider="studentData" finished-at="2025-01-02T13:59:31 IST" duration-ms="10474" status="PASS">
          <params>
            <param index="0">
              <value>
                <![CDATA[]]>
              </value>
            </param>
            <param index="1">
              <value>
                <![CDATA[]]>
              </value>
            </param>
            <param index="2">
              <value>
                <![CDATA[snehareddy.com]]>
              </value>
            </param>
            <param index="3">
              <value>
                <![CDATA[Female]]>
              </value>
            </param>
            <param index="4">
              <value>
                <![CDATA[]]>
              </value>
            </param>
            <param index="5">
              <value>
                <![CDATA[26-Dec-2003]]>
              </value>
            </param>
            <param index="6">
              <value>
                <![CDATA[hindi]]>
              </value>
            </param>
            <param index="7">
              <value>
                <![CDATA[Reading]]>
              </value>
            </param>
            <param index="8">
              <value>
                <![CDATA[\src\test\resources\TestDocuments\Screenshot 2024-04-03 225101.png]]>
              </value>
            </param>
            <param index="9">
              <value>
                <![CDATA[]]>
              </value>
            </param>
            <param index="10">
              <value>
                <![CDATA[]]>
              </value>
            </param>
            <param index="11">
              <value>
                <![CDATA[]]>
              </value>
            </param>
          </params>
          <reporter-output>
          </reporter-output>
        </test-method> <!-- fillForm -->
        <test-method is-config="true" signature="closeDriver()[pri:0, instance:com.qualizeal.maintest.MainClass@8f4ea7c]" started-at="2025-01-02T13:59:31 IST" name="closeDriver" finished-at="2025-01-02T13:59:32 IST" duration-ms="167" status="PASS">
          <reporter-output>
          </reporter-output>
        </test-method> <!-- closeDriver -->
        <test-method is-config="true" signature="openApplication()[pri:0, instance:com.qualizeal.maintest.MainClass@8f4ea7c]" started-at="2025-01-02T13:59:32 IST" name="openApplication" finished-at="2025-01-02T13:59:36 IST" duration-ms="4422" status="PASS">
          <reporter-output>
          </reporter-output>
        </test-method> <!-- openApplication -->
        <test-method signature="fillForm(java.lang.String,java.lang.String,java.lang.String,java.lang.String,java.lang.String,java.lang.String,java.lang.String,java.lang.String,java.lang.String,java.lang.String,java.lang.String,java.lang.String)[pri:0, instance:com.qualizeal.maintest.MainClass@8f4ea7c]" started-at="2025-01-02T13:59:36 IST" name="fillForm" data-provider="studentData" finished-at="2025-01-02T13:59:47 IST" duration-ms="10743" status="PASS">
          <params>
            <param index="0">
              <value>
                <![CDATA[Snehalatha]]>
              </value>
            </param>
            <param index="1">
              <value>
                <![CDATA[Pasham]]>
              </value>
            </param>
            <param index="2">
              <value>
                <![CDATA[sneha12345@gmail.com]]>
              </value>
            </param>
            <param index="3">
              <value>
                <![CDATA[Female]]>
              </value>
            </param>
            <param index="4">
              <value>
                <![CDATA[]]>
              </value>
            </param>
            <param index="5">
              <value>
                <![CDATA[26-Dec-2003]]>
              </value>
            </param>
            <param index="6">
              <value>
                <![CDATA[hindi]]>
              </value>
            </param>
            <param index="7">
              <value>
                <![CDATA[Reading]]>
              </value>
            </param>
            <param index="8">
              <value>
                <![CDATA[\src\test\resources\TestDocuments\Image to PDF 20240524 17.07.30 (4).pdf]]>
              </value>
            </param>
            <param index="9">
              <value>
                <![CDATA[]]>
              </value>
            </param>
            <param index="10">
              <value>
                <![CDATA[]]>
              </value>
            </param>
            <param index="11">
              <value>
                <![CDATA[]]>
              </value>
            </param>
          </params>
          <reporter-output>
          </reporter-output>
        </test-method> <!-- fillForm -->
        <test-method is-config="true" signature="closeDriver()[pri:0, instance:com.qualizeal.maintest.MainClass@8f4ea7c]" started-at="2025-01-02T13:59:47 IST" name="closeDriver" finished-at="2025-01-02T13:59:47 IST" duration-ms="164" status="PASS">
          <reporter-output>
          </reporter-output>
        </test-method> <!-- closeDriver -->
        <test-method is-config="true" signature="openApplication()[pri:0, instance:com.qualizeal.maintest.MainClass@8f4ea7c]" started-at="2025-01-02T13:59:47 IST" name="openApplication" finished-at="2025-01-02T13:59:52 IST" duration-ms="5419" status="PASS">
          <reporter-output>
          </reporter-output>
        </test-method> <!-- openApplication -->
        <test-method signature="fillForm(java.lang.String,java.lang.String,java.lang.String,java.lang.String,java.lang.String,java.lang.String,java.lang.String,java.lang.String,java.lang.String,java.lang.String,java.lang.String,java.lang.String)[pri:0, instance:com.qualizeal.maintest.MainClass@8f4ea7c]" started-at="2025-01-02T13:59:52 IST" name="fillForm" data-provider="studentData" finished-at="2025-01-02T14:00:03 IST" duration-ms="10430" status="PASS">
          <params>
            <param index="0">
              <value>
                <![CDATA[]]>
              </value>
            </param>
            <param index="1">
              <value>
                <![CDATA[]]>
              </value>
            </param>
            <param index="2">
              <value>
                <![CDATA[snehareddy.com]]>
              </value>
            </param>
            <param index="3">
              <value>
                <![CDATA[]]>
              </value>
            </param>
            <param index="4">
              <value>
                <![CDATA[]]>
              </value>
            </param>
            <param index="5">
              <value>
                <![CDATA[26-Dec-2025]]>
              </value>
            </param>
            <param index="6">
              <value>
                <![CDATA[Telugu]]>
              </value>
            </param>
            <param index="7">
              <value>
                <![CDATA[Reading]]>
              </value>
            </param>
            <param index="8">
              <value>
                <![CDATA[\src\test\resources\TestDocuments\Image to PDF 20240524 17.07.30 (4).pdf]]>
              </value>
            </param>
            <param index="9">
              <value>
                <![CDATA[]]>
              </value>
            </param>
            <param index="10">
              <value>
                <![CDATA[]]>
              </value>
            </param>
            <param index="11">
              <value>
                <![CDATA[]]>
              </value>
            </param>
          </params>
          <reporter-output>
          </reporter-output>
        </test-method> <!-- fillForm -->
        <test-method is-config="true" signature="closeDriver()[pri:0, instance:com.qualizeal.maintest.MainClass@8f4ea7c]" started-at="2025-01-02T14:00:03 IST" name="closeDriver" finished-at="2025-01-02T14:00:03 IST" duration-ms="159" status="PASS">
          <reporter-output>
          </reporter-output>
        </test-method> <!-- closeDriver -->
        <test-method is-config="true" signature="openApplication()[pri:0, instance:com.qualizeal.maintest.MainClass@8f4ea7c]" started-at="2025-01-02T14:00:03 IST" name="openApplication" finished-at="2025-01-02T14:00:08 IST" duration-ms="4765" status="PASS">
          <reporter-output>
          </reporter-output>
        </test-method> <!-- openApplication -->
        <test-method signature="fillForm(java.lang.String,java.lang.String,java.lang.String,java.lang.String,java.lang.String,java.lang.String,java.lang.String,java.lang.String,java.lang.String,java.lang.String,java.lang.String,java.lang.String)[pri:0, instance:com.qualizeal.maintest.MainClass@8f4ea7c]" started-at="2025-01-02T14:00:08 IST" name="fillForm" data-provider="studentData" finished-at="2025-01-02T14:00:19 IST" duration-ms="11602" status="PASS">
          <params>
            <param index="0">
              <value>
                <![CDATA[Snehalatha]]>
              </value>
            </param>
            <param index="1">
              <value>
                <![CDATA[Pasham]]>
              </value>
            </param>
            <param index="2">
              <value>
                <![CDATA[sneha12345@gmail.com]]>
              </value>
            </param>
            <param index="3">
              <value>
                <![CDATA[Male]]>
              </value>
            </param>
            <param index="4">
              <value>
                <![CDATA[]]>
              </value>
            </param>
            <param index="5">
              <value>
                <![CDATA[26-Dec-2003]]>
              </value>
            </param>
            <param index="6">
              <value>
                <![CDATA[Maths,hindi]]>
              </value>
            </param>
            <param index="7">
              <value>
                <![CDATA[Reading,Music,Sports]]>
              </value>
            </param>
            <param index="8">
              <value>
                <![CDATA[\src\test\resources\TestDocuments\Screenshot 2024-04-03 225101.png]]>
              </value>
            </param>
            <param index="9">
              <value>
                <![CDATA[Hyderabad]]>
              </value>
            </param>
            <param index="10">
              <value>
                <![CDATA[NCR]]>
              </value>
            </param>
            <param index="11">
              <value>
                <![CDATA[Gurgaon]]>
              </value>
            </param>
          </params>
          <reporter-output>
          </reporter-output>
        </test-method> <!-- fillForm -->
        <test-method is-config="true" signature="closeDriver()[pri:0, instance:com.qualizeal.maintest.MainClass@8f4ea7c]" started-at="2025-01-02T14:00:19 IST" name="closeDriver" finished-at="2025-01-02T14:00:19 IST" duration-ms="178" status="PASS">
          <reporter-output>
          </reporter-output>
        </test-method> <!-- closeDriver -->
        <test-method is-config="true" signature="openApplication()[pri:0, instance:com.qualizeal.maintest.MainClass@8f4ea7c]" started-at="2025-01-02T14:00:19 IST" name="openApplication" finished-at="2025-01-02T14:00:24 IST" duration-ms="4962" status="PASS">
          <reporter-output>
          </reporter-output>
        </test-method> <!-- openApplication -->
        <test-method signature="fillForm(java.lang.String,java.lang.String,java.lang.String,java.lang.String,java.lang.String,java.lang.String,java.lang.String,java.lang.String,java.lang.String,java.lang.String,java.lang.String,java.lang.String)[pri:0, instance:com.qualizeal.maintest.MainClass@8f4ea7c]" started-at="2025-01-02T14:00:24 IST" name="fillForm" data-provider="studentData" finished-at="2025-01-02T14:00:36 IST" duration-ms="11431" status="PASS">
          <params>
            <param index="0">
              <value>
                <![CDATA[]]>
              </value>
            </param>
            <param index="1">
              <value>
                <![CDATA[Pasham]]>
              </value>
            </param>
            <param index="2">
              <value>
                <![CDATA[sneha12345@gmail.com]]>
              </value>
            </param>
            <param index="3">
              <value>
                <![CDATA[Male]]>
              </value>
            </param>
            <param index="4">
              <value>
                <![CDATA[9187654325]]>
              </value>
            </param>
            <param index="5">
              <value>
                <![CDATA[27-Dec-2005]]>
              </value>
            </param>
            <param index="6">
              <value>
                <![CDATA[Maths,hindi]]>
              </value>
            </param>
            <param index="7">
              <value>
                <![CDATA[Reading,Music,Sports]]>
              </value>
            </param>
            <param index="8">
              <value>
                <![CDATA[\src\test\resources\TestDocuments\Screenshot 2024-04-03 225101.png]]>
              </value>
            </param>
            <param index="9">
              <value>
                <![CDATA[Medak]]>
              </value>
            </param>
            <param index="10">
              <value>
                <![CDATA[NCR ]]>
              </value>
            </param>
            <param index="11">
              <value>
                <![CDATA[Gurgaon]]>
              </value>
            </param>
          </params>
          <reporter-output>
          </reporter-output>
        </test-method> <!-- fillForm -->
        <test-method is-config="true" signature="closeDriver()[pri:0, instance:com.qualizeal.maintest.MainClass@8f4ea7c]" started-at="2025-01-02T14:00:36 IST" name="closeDriver" finished-at="2025-01-02T14:00:36 IST" duration-ms="173" status="PASS">
          <reporter-output>
          </reporter-output>
        </test-method> <!-- closeDriver -->
        <test-method is-config="true" signature="openApplication()[pri:0, instance:com.qualizeal.maintest.MainClass@8f4ea7c]" started-at="2025-01-02T14:00:36 IST" name="openApplication" finished-at="2025-01-02T14:00:41 IST" duration-ms="5045" status="PASS">
          <reporter-output>
          </reporter-output>
        </test-method> <!-- openApplication -->
        <test-method signature="fillForm(java.lang.String,java.lang.String,java.lang.String,java.lang.String,java.lang.String,java.lang.String,java.lang.String,java.lang.String,java.lang.String,java.lang.String,java.lang.String,java.lang.String)[pri:0, instance:com.qualizeal.maintest.MainClass@8f4ea7c]" started-at="2025-01-02T14:00:41 IST" name="fillForm" data-provider="studentData" finished-at="2025-01-02T14:00:53 IST" duration-ms="11513" status="PASS">
          <params>
            <param index="0">
              <value>
                <![CDATA[Snehlatha]]>
              </value>
            </param>
            <param index="1">
              <value>
                <![CDATA[]]>
              </value>
            </param>
            <param index="2">
              <value>
                <![CDATA[sneha12345@gmail.com]]>
              </value>
            </param>
            <param index="3">
              <value>
                <![CDATA[Male]]>
              </value>
            </param>
            <param index="4">
              <value>
                <![CDATA[9187654325]]>
              </value>
            </param>
            <param index="5">
              <value>
                <![CDATA[13-Jun-2002]]>
              </value>
            </param>
            <param index="6">
              <value>
                <![CDATA[Maths,hindi]]>
              </value>
            </param>
            <param index="7">
              <value>
                <![CDATA[Reading,Music,Sports]]>
              </value>
            </param>
            <param index="8">
              <value>
                <![CDATA[\src\test\resources\TestDocuments\Screenshot 2024-04-03 225101.png]]>
              </value>
            </param>
            <param index="9">
              <value>
                <![CDATA[Hyderabad]]>
              </value>
            </param>
            <param index="10">
              <value>
                <![CDATA[NCR]]>
              </value>
            </param>
            <param index="11">
              <value>
                <![CDATA[Gurgaon]]>
              </value>
            </param>
          </params>
          <reporter-output>
          </reporter-output>
        </test-method> <!-- fillForm -->
        <test-method is-config="true" signature="closeDriver()[pri:0, instance:com.qualizeal.maintest.MainClass@8f4ea7c]" started-at="2025-01-02T14:00:53 IST" name="closeDriver" finished-at="2025-01-02T14:00:53 IST" duration-ms="166" status="PASS">
          <reporter-output>
          </reporter-output>
        </test-method> <!-- closeDriver -->
        <test-method is-config="true" signature="openApplication()[pri:0, instance:com.qualizeal.maintest.MainClass@8f4ea7c]" started-at="2025-01-02T14:00:53 IST" name="openApplication" finished-at="2025-01-02T14:00:57 IST" duration-ms="4252" status="PASS">
          <reporter-output>
          </reporter-output>
        </test-method> <!-- openApplication -->
        <test-method signature="fillForm(java.lang.String,java.lang.String,java.lang.String,java.lang.String,java.lang.String,java.lang.String,java.lang.String,java.lang.String,java.lang.String,java.lang.String,java.lang.String,java.lang.String)[pri:0, instance:com.qualizeal.maintest.MainClass@8f4ea7c]" started-at="2025-01-02T14:00:57 IST" name="fillForm" data-provider="studentData" finished-at="2025-01-02T14:01:08 IST" duration-ms="11097" status="PASS">
          <params>
            <param index="0">
              <value>
                <![CDATA[]]>
              </value>
            </param>
            <param index="1">
              <value>
                <![CDATA[]]>
              </value>
            </param>
            <param index="2">
              <value>
                <![CDATA[sneha12345@gmail.com]]>
              </value>
            </param>
            <param index="3">
              <value>
                <![CDATA[Male]]>
              </value>
            </param>
            <param index="4">
              <value>
                <![CDATA[9187654325]]>
              </value>
            </param>
            <param index="5">
              <value>
                <![CDATA[26-Dec-2003]]>
              </value>
            </param>
            <param index="6">
              <value>
                <![CDATA[hindi]]>
              </value>
            </param>
            <param index="7">
              <value>
                <![CDATA[Reading,Music,Sports]]>
              </value>
            </param>
            <param index="8">
              <value>
                <![CDATA[\src\test\resources\TestDocuments\Screenshot 2024-04-03 225101.png]]>
              </value>
            </param>
            <param index="9">
              <value>
                <![CDATA[Hyderabad]]>
              </value>
            </param>
            <param index="10">
              <value>
                <![CDATA[NCR]]>
              </value>
            </param>
            <param index="11">
              <value>
                <![CDATA[Gurgaon]]>
              </value>
            </param>
          </params>
          <reporter-output>
          </reporter-output>
        </test-method> <!-- fillForm -->
        <test-method is-config="true" signature="closeDriver()[pri:0, instance:com.qualizeal.maintest.MainClass@8f4ea7c]" started-at="2025-01-02T14:01:08 IST" name="closeDriver" finished-at="2025-01-02T14:01:08 IST" duration-ms="180" status="PASS">
          <reporter-output>
          </reporter-output>
        </test-method> <!-- closeDriver -->
        <test-method is-config="true" signature="openApplication()[pri:0, instance:com.qualizeal.maintest.MainClass@8f4ea7c]" started-at="2025-01-02T14:01:08 IST" name="openApplication" finished-at="2025-01-02T14:01:14 IST" duration-ms="5648" status="PASS">
          <reporter-output>
          </reporter-output>
        </test-method> <!-- openApplication -->
        <test-method signature="fillForm(java.lang.String,java.lang.String,java.lang.String,java.lang.String,java.lang.String,java.lang.String,java.lang.String,java.lang.String,java.lang.String,java.lang.String,java.lang.String,java.lang.String)[pri:0, instance:com.qualizeal.maintest.MainClass@8f4ea7c]" started-at="2025-01-02T14:01:14 IST" name="fillForm" data-provider="studentData" finished-at="2025-01-02T14:01:25 IST" duration-ms="11448" status="PASS">
          <params>
            <param index="0">
              <value>
                <![CDATA[Harika]]>
              </value>
            </param>
            <param index="1">
              <value>
                <![CDATA[Jakka]]>
              </value>
            </param>
            <param index="2">
              <value>
                <![CDATA[snehareddy.com]]>
              </value>
            </param>
            <param index="3">
              <value>
                <![CDATA[Male]]>
              </value>
            </param>
            <param index="4">
              <value>
                <![CDATA[9187654325]]>
              </value>
            </param>
            <param index="5">
              <value>
                <![CDATA[26-Dec-2003]]>
              </value>
            </param>
            <param index="6">
              <value>
                <![CDATA[hindi]]>
              </value>
            </param>
            <param index="7">
              <value>
                <![CDATA[Reading,Music,Sports]]>
              </value>
            </param>
            <param index="8">
              <value>
                <![CDATA[\src\test\resources\TestDocuments\Screenshot 2024-04-03 225101.png]]>
              </value>
            </param>
            <param index="9">
              <value>
                <![CDATA[Hyderabad]]>
              </value>
            </param>
            <param index="10">
              <value>
                <![CDATA[NCR]]>
              </value>
            </param>
            <param index="11">
              <value>
                <![CDATA[Gurgaon]]>
              </value>
            </param>
          </params>
          <reporter-output>
          </reporter-output>
        </test-method> <!-- fillForm -->
        <test-method is-config="true" signature="closeDriver()[pri:0, instance:com.qualizeal.maintest.MainClass@8f4ea7c]" started-at="2025-01-02T14:01:25 IST" name="closeDriver" finished-at="2025-01-02T14:01:26 IST" duration-ms="167" status="PASS">
          <reporter-output>
          </reporter-output>
        </test-method> <!-- closeDriver -->
        <test-method is-config="true" signature="openApplication()[pri:0, instance:com.qualizeal.maintest.MainClass@8f4ea7c]" started-at="2025-01-02T14:01:26 IST" name="openApplication" finished-at="2025-01-02T14:01:31 IST" duration-ms="5461" status="PASS">
          <reporter-output>
          </reporter-output>
        </test-method> <!-- openApplication -->
        <test-method signature="fillForm(java.lang.String,java.lang.String,java.lang.String,java.lang.String,java.lang.String,java.lang.String,java.lang.String,java.lang.String,java.lang.String,java.lang.String,java.lang.String,java.lang.String)[pri:0, instance:com.qualizeal.maintest.MainClass@8f4ea7c]" started-at="2025-01-02T14:01:31 IST" name="fillForm" data-provider="studentData" finished-at="2025-01-02T14:01:42 IST" duration-ms="11077" status="PASS">
          <params>
            <param index="0">
              <value>
                <![CDATA[]]>
              </value>
            </param>
            <param index="1">
              <value>
                <![CDATA[]]>
              </value>
            </param>
            <param index="2">
              <value>
                <![CDATA[sneha12345@gmail.com]]>
              </value>
            </param>
            <param index="3">
              <value>
                <![CDATA[]]>
              </value>
            </param>
            <param index="4">
              <value>
                <![CDATA[9187654325]]>
              </value>
            </param>
            <param index="5">
              <value>
                <![CDATA[26-Dec-2003]]>
              </value>
            </param>
            <param index="6">
              <value>
                <![CDATA[hindi]]>
              </value>
            </param>
            <param index="7">
              <value>
                <![CDATA[Reading,Music,Sports]]>
              </value>
            </param>
            <param index="8">
              <value>
                <![CDATA[\src\test\resources\TestDocuments\Screenshot 2024-04-03 225101.png]]>
              </value>
            </param>
            <param index="9">
              <value>
                <![CDATA[Hyderabad]]>
              </value>
            </param>
            <param index="10">
              <value>
                <![CDATA[NCR]]>
              </value>
            </param>
            <param index="11">
              <value>
                <![CDATA[Gurgaon]]>
              </value>
            </param>
          </params>
          <reporter-output>
          </reporter-output>
        </test-method> <!-- fillForm -->
        <test-method is-config="true" signature="closeDriver()[pri:0, instance:com.qualizeal.maintest.MainClass@8f4ea7c]" started-at="2025-01-02T14:01:42 IST" name="closeDriver" finished-at="2025-01-02T14:01:42 IST" duration-ms="166" status="PASS">
          <reporter-output>
          </reporter-output>
        </test-method> <!-- closeDriver -->
        <test-method is-config="true" signature="openApplication()[pri:0, instance:com.qualizeal.maintest.MainClass@8f4ea7c]" started-at="2025-01-02T14:01:42 IST" name="openApplication" finished-at="2025-01-02T14:01:46 IST" duration-ms="4235" status="PASS">
          <reporter-output>
          </reporter-output>
        </test-method> <!-- openApplication -->
        <test-method signature="fillForm(java.lang.String,java.lang.String,java.lang.String,java.lang.String,java.lang.String,java.lang.String,java.lang.String,java.lang.String,java.lang.String,java.lang.String,java.lang.String,java.lang.String)[pri:0, instance:com.qualizeal.maintest.MainClass@8f4ea7c]" started-at="2025-01-02T14:01:46 IST" name="fillForm" data-provider="studentData" finished-at="2025-01-02T14:01:57 IST" duration-ms="10766" status="PASS">
          <params>
            <param index="0">
              <value>
                <![CDATA[]]>
              </value>
            </param>
            <param index="1">
              <value>
                <![CDATA[]]>
              </value>
            </param>
            <param index="2">
              <value>
                <![CDATA[sneha12345@gmail.com]]>
              </value>
            </param>
            <param index="3">
              <value>
                <![CDATA[]]>
              </value>
            </param>
            <param index="4">
              <value>
                <![CDATA[9187654325]]>
              </value>
            </param>
            <param index="5">
              <value>
                <![CDATA[26-Dec-2007]]>
              </value>
            </param>
            <param index="6">
              <value>
                <![CDATA[hindi]]>
              </value>
            </param>
            <param index="7">
              <value>
                <![CDATA[Reading]]>
              </value>
            </param>
            <param index="8">
              <value>
                <![CDATA[\src\test\resources\TestDocuments\Screenshot 2024-04-03 225101.png]]>
              </value>
            </param>
            <param index="9">
              <value>
                <![CDATA[Hyderabad]]>
              </value>
            </param>
            <param index="10">
              <value>
                <![CDATA[NCR]]>
              </value>
            </param>
            <param index="11">
              <value>
                <![CDATA[Gurgaon]]>
              </value>
            </param>
          </params>
          <reporter-output>
          </reporter-output>
        </test-method> <!-- fillForm -->
        <test-method is-config="true" signature="closeDriver()[pri:0, instance:com.qualizeal.maintest.MainClass@8f4ea7c]" started-at="2025-01-02T14:01:57 IST" name="closeDriver" finished-at="2025-01-02T14:01:57 IST" duration-ms="222" status="PASS">
          <reporter-output>
          </reporter-output>
        </test-method> <!-- closeDriver -->
        <test-method is-config="true" signature="openApplication()[pri:0, instance:com.qualizeal.maintest.MainClass@8f4ea7c]" started-at="2025-01-02T14:01:57 IST" name="openApplication" finished-at="2025-01-02T14:02:02 IST" duration-ms="4160" status="PASS">
          <reporter-output>
          </reporter-output>
        </test-method> <!-- openApplication -->
        <test-method signature="fillForm(java.lang.String,java.lang.String,java.lang.String,java.lang.String,java.lang.String,java.lang.String,java.lang.String,java.lang.String,java.lang.String,java.lang.String,java.lang.String,java.lang.String)[pri:0, instance:com.qualizeal.maintest.MainClass@8f4ea7c]" started-at="2025-01-02T14:02:02 IST" name="fillForm" data-provider="studentData" finished-at="2025-01-02T14:02:12 IST" duration-ms="10570" status="PASS">
          <params>
            <param index="0">
              <value>
                <![CDATA[]]>
              </value>
            </param>
            <param index="1">
              <value>
                <![CDATA[]]>
              </value>
            </param>
            <param index="2">
              <value>
                <![CDATA[snehareddy.com]]>
              </value>
            </param>
            <param index="3">
              <value>
                <![CDATA[]]>
              </value>
            </param>
            <param index="4">
              <value>
                <![CDATA[9187654325]]>
              </value>
            </param>
            <param index="5">
              <value>
                <![CDATA[26-Dec-2003]]>
              </value>
            </param>
            <param index="6">
              <value>
                <![CDATA[hindi]]>
              </value>
            </param>
            <param index="7">
              <value>
                <![CDATA[Reading]]>
              </value>
            </param>
            <param index="8">
              <value>
                <![CDATA[\src\test\resources\TestDocuments\Screenshot 2024-04-03 225101.png]]>
              </value>
            </param>
            <param index="9">
              <value>
                <![CDATA[]]>
              </value>
            </param>
            <param index="10">
              <value>
                <![CDATA[]]>
              </value>
            </param>
            <param index="11">
              <value>
                <![CDATA[]]>
              </value>
            </param>
          </params>
          <reporter-output>
          </reporter-output>
        </test-method> <!-- fillForm -->
        <test-method is-config="true" signature="closeDriver()[pri:0, instance:com.qualizeal.maintest.MainClass@8f4ea7c]" started-at="2025-01-02T14:02:12 IST" name="closeDriver" finished-at="2025-01-02T14:02:12 IST" duration-ms="158" status="PASS">
          <reporter-output>
          </reporter-output>
        </test-method> <!-- closeDriver -->
        <test-method is-config="true" signature="openApplication()[pri:0, instance:com.qualizeal.maintest.MainClass@8f4ea7c]" started-at="2025-01-02T14:02:12 IST" name="openApplication" finished-at="2025-01-02T14:02:18 IST" duration-ms="6011" status="PASS">
          <reporter-output>
          </reporter-output>
        </test-method> <!-- openApplication -->
        <test-method signature="fillForm(java.lang.String,java.lang.String,java.lang.String,java.lang.String,java.lang.String,java.lang.String,java.lang.String,java.lang.String,java.lang.String,java.lang.String,java.lang.String,java.lang.String)[pri:0, instance:com.qualizeal.maintest.MainClass@8f4ea7c]" started-at="2025-01-02T14:02:18 IST" name="fillForm" data-provider="studentData" finished-at="2025-01-02T14:02:29 IST" duration-ms="11109" status="PASS">
          <params>
            <param index="0">
              <value>
                <![CDATA[Snehalatha]]>
              </value>
            </param>
            <param index="1">
              <value>
                <![CDATA[Pasham]]>
              </value>
            </param>
            <param index="2">
              <value>
                <![CDATA[sneha12345@gmail.com]]>
              </value>
            </param>
            <param index="3">
              <value>
                <![CDATA[Male]]>
              </value>
            </param>
            <param index="4">
              <value>
                <![CDATA[9187654325]]>
              </value>
            </param>
            <param index="5">
              <value>
                <![CDATA[26-Dec-2003]]>
              </value>
            </param>
            <param index="6">
              <value>
                <![CDATA[hindi]]>
              </value>
            </param>
            <param index="7">
              <value>
                <![CDATA[Reading]]>
              </value>
            </param>
            <param index="8">
              <value>
                <![CDATA[\src\test\resources\TestDocuments\Image to PDF 20240524 17.07.30 (4).pdf]]>
              </value>
            </param>
            <param index="9">
              <value>
                <![CDATA[]]>
              </value>
            </param>
            <param index="10">
              <value>
                <![CDATA[]]>
              </value>
            </param>
            <param index="11">
              <value>
                <![CDATA[]]>
              </value>
            </param>
          </params>
          <reporter-output>
          </reporter-output>
        </test-method> <!-- fillForm -->
        <test-method is-config="true" signature="closeDriver()[pri:0, instance:com.qualizeal.maintest.MainClass@8f4ea7c]" started-at="2025-01-02T14:02:29 IST" name="closeDriver" finished-at="2025-01-02T14:02:30 IST" duration-ms="159" status="PASS">
          <reporter-output>
          </reporter-output>
        </test-method> <!-- closeDriver -->
        <test-method is-config="true" signature="openApplication()[pri:0, instance:com.qualizeal.maintest.MainClass@8f4ea7c]" started-at="2025-01-02T14:02:30 IST" name="openApplication" finished-at="2025-01-02T14:02:34 IST" duration-ms="4240" status="PASS">
          <reporter-output>
          </reporter-output>
        </test-method> <!-- openApplication -->
        <test-method signature="fillForm(java.lang.String,java.lang.String,java.lang.String,java.lang.String,java.lang.String,java.lang.String,java.lang.String,java.lang.String,java.lang.String,java.lang.String,java.lang.String,java.lang.String)[pri:0, instance:com.qualizeal.maintest.MainClass@8f4ea7c]" started-at="2025-01-02T14:02:34 IST" name="fillForm" data-provider="studentData" finished-at="2025-01-02T14:02:45 IST" duration-ms="11365" status="PASS">
          <params>
            <param index="0">
              <value>
                <![CDATA[Snehalatha]]>
              </value>
            </param>
            <param index="1">
              <value>
                <![CDATA[Pasham]]>
              </value>
            </param>
            <param index="2">
              <value>
                <![CDATA[sneha12345@gmail.com]]>
              </value>
            </param>
            <param index="3">
              <value>
                <![CDATA[Other]]>
              </value>
            </param>
            <param index="4">
              <value>
                <![CDATA[9187654325]]>
              </value>
            </param>
            <param index="5">
              <value>
                <![CDATA[26-Dec-2003]]>
              </value>
            </param>
            <param index="6">
              <value>
                <![CDATA[Maths,hindi]]>
              </value>
            </param>
            <param index="7">
              <value>
                <![CDATA[Reading,Music,Sports]]>
              </value>
            </param>
            <param index="8">
              <value>
                <![CDATA[\src\test\resources\TestDocuments\Screenshot 2024-04-03 225101.png]]>
              </value>
            </param>
            <param index="9">
              <value>
                <![CDATA[Hyderabad]]>
              </value>
            </param>
            <param index="10">
              <value>
                <![CDATA[NCR]]>
              </value>
            </param>
            <param index="11">
              <value>
                <![CDATA[Gurgaon]]>
              </value>
            </param>
          </params>
          <reporter-output>
          </reporter-output>
        </test-method> <!-- fillForm -->
        <test-method is-config="true" signature="closeDriver()[pri:0, instance:com.qualizeal.maintest.MainClass@8f4ea7c]" started-at="2025-01-02T14:02:45 IST" name="closeDriver" finished-at="2025-01-02T14:02:45 IST" duration-ms="159" status="PASS">
          <reporter-output>
          </reporter-output>
        </test-method> <!-- closeDriver -->
      </class> <!-- com.qualizeal.maintest.MainClass -->
    </test> <!-- Default test -->
  </suite> <!-- Default suite -->
</testng-results>
